🚀 Starting API on :8000 and frontend on :5173 ...
INFO:     Will watch for changes in these directories: ['/media/aryan-k-k/2TB_KK/eco-material-predictor']
INFO:     Uvicorn running on http://127.0.0.1:8000 (Press CTRL+C to quit)
INFO:     Started reloader process [48381] using StatReload

> frontend@0.0.0 dev
> vite


  VITE v5.4.21  ready in 151 ms

  ➜  Local:   http://localhost:5173/
  ➜  Network: use --host to expose
  ➜  press h + enter to show help
INFO:     Started server process [48402]
INFO:     Waiting for application startup.
INFO:     Application startup complete.
✅ Base Models & Name Database Loaded successfully
✅ Advanced Models Loaded successfully
INFO:     127.0.0.1:37990 - "GET /health HTTP/1.1" 200 OK
make: *** [Makefile:43: app] Terminated
INFO:     Shutting down
INFO:     Waiting for application shutdown.
INFO:     Application shutdown complete.
INFO:     Finished server process [48402]
INFO:     Stopping reloader process [48381]
